

Microchip Technology PIC18 LITE Macro Assembler V1.45 build -152302408 
                                                                                               Tue Jun 11 18:07:28 2019

Microchip Technology Omniscient Code Generator v1.45 (Free mode) build 201711160504
     1                           	processor	18F4525
     2                           	fnconf	rparam,??,?,0
     3                           	opt	pw 120
     4                           	opt	lm
     5                           	psect	smallconst,global,reloc=2,class=SMALLCONST,delta=1,noexec
     6                           	psect	cinit,global,reloc=2,class=CODE,delta=1
     7                           	psect	bssCOMRAM,global,class=COMRAM,space=1,delta=1,noexec
     8                           	psect	cstackCOMRAM,global,class=COMRAM,space=1,delta=1,noexec
     9                           	psect	text0,global,reloc=2,class=CODE,delta=1
    10                           	psect	text1,global,reloc=2,class=CODE,delta=1
    11                           	psect	text2,global,reloc=2,class=CODE,delta=1
    12                           	psect	text3,global,reloc=2,class=CODE,delta=1
    13                           	psect	text4,global,reloc=2,class=CODE,delta=1
    14                           	psect	text5,global,reloc=2,class=CODE,delta=1
    15                           	psect	text6,global,reloc=2,class=CODE,delta=1
    16                           	psect	text7,global,reloc=2,class=CODE,delta=1
    17                           	psect	text8,global,reloc=2,class=CODE,delta=1
    18                           	psect	intcodelo,global,reloc=2,class=CODE,delta=1
    19                           	psect	intsave_regs,global,class=BIGRAM,space=1,delta=1,noexec
    20                           	psect	rparam,global,class=COMRAM,space=1,delta=1,noexec
    21                           	psect	temp,global,ovrld,common,class=COMRAM,space=1,delta=1
    22  0000                     
    23                           ; Version 1.45
    24                           ; Generated 16/11/2017 GMT
    25                           ; 
    26                           ; Copyright © 2017, Microchip Technology Inc. and its subsidiaries ("Microchip")
    27                           ; All rights reserved.
    28                           ; 
    29                           ; This software is developed by Microchip Technology Inc. and its subsidiaries ("Microch
      +                          ip").
    30                           ; 
    31                           ; Redistribution and use in source and binary forms, with or without modification, are
    32                           ; permitted provided that the following conditions are met:
    33                           ; 
    34                           ;     1. Redistributions of source code must retain the above copyright notice, this lis
      +                          t of
    35                           ;        conditions and the following disclaimer.
    36                           ; 
    37                           ;     2. Redistributions in binary form must reproduce the above copyright notice, this 
      +                          list
    38                           ;        of conditions and the following disclaimer in the documentation and/or other
    39                           ;        materials provided with the distribution.
    40                           ; 
    41                           ;     3. Microchip's name may not be used to endorse or promote products derived from th
      +                          is
    42                           ;        software without specific prior written permission.
    43                           ; 
    44                           ; THIS SOFTWARE IS PROVIDED BY MICROCHIP "AS IS" AND ANY EXPRESS OR IMPLIED WARRANTIES,
    45                           ; INCLUDING, BUT NOT LIMITED TO, THE IMPLIED WARRANTIES OF MERCHANTABILITY AND FITNESS F
      +                          OR
    46                           ; PURPOSE ARE DISCLAIMED.  IN NO EVENT SHALL MICROCHIP BE LIABLE FOR ANY DIRECT, INDIREC
      +                          T,
    47                           ; INCIDENTAL, SPECIAL, EXEMPLARY, OR CONSEQUENTIAL DAMAGES (INCLUDING BUT NOT LIMITED TO
    48                           ; PROCUREMENT OF SUBSTITUTE GOODS OR SERVICES; LOSS OF USE, DATA OR PROFITS; OR BUSINESS
    49                           ; INTERRUPTION) HOWSOEVER CAUSED AND ON ANY THEORY OF LIABILITY, WHETHER IN CONTRACT, ST
      +                          RICT
    50                           ; LIABILITY, OR TORT (INCLUDING NEGLIGENCE OR OTHERWISE) ARISING IN ANY WAY OUT OF THE U
      +                          SE OF
    51                           ; THIS SOFTWARE, EVEN IF ADVISED OF THE POSSIBILITY OF SUCH DAMAGE.
    52                           ; 
    53                           ; 
    54                           ; Code-generator required, PIC18F4525 Definitions
    55                           ; 
    56                           ; SFR Addresses
    57  0000                     _PORTCbits	set	3970
    58  0000                     _LATCbits	set	3979
    59  0000                     _PORTAbits	set	3968
    60  0000                     _LATBbits	set	3978
    61  0000                     _TRISAbits	set	3986
    62  0000                     _PORTBbits	set	3969
    63  0000                     _T2CONbits	set	4042
    64  0000                     _PR2	set	4043
    65  0000                     _CCPR2L	set	4027
    66  0000                     _CCPR1L	set	4030
    67  0000                     _CCP2CONbits	set	4026
    68  0000                     _CCP1CONbits	set	4029
    69  0000                     _TRISCbits	set	3988
    70  0000                     _TRISBbits	set	3987
    71  0000                     _TRISDbits	set	3989
    72  0000                     _TMR0L	set	4054
    73  0000                     _TMR0H	set	4055
    74  0000                     _T0CONbits	set	4053
    75  0000                     _INTCONbits	set	4082
    76  0000                     _INTCON2bits	set	4081
    77  0000                     _RCONbits	set	4048
    78  0000                     _ADRESL	set	4035
    79  0000                     _ADRESH	set	4036
    80  0000                     _ADCON0bits	set	4034
    81  0000                     _ADCON2bits	set	4032
    82  0000                     _ADCON1bits	set	4033
    83  0000                     _TRISE	set	3990
    84  0000                     _TRISA	set	3986
    85  0000                     _TRISD	set	3989
    86  0000                     _LATD	set	3980
    87  0000                     _PORTDbits	set	3971
    88                           
    89                           	psect	smallconst
    90  001000                     __psmallconst:
    91                           	opt stack 0
    92  001000  00                 	db	0
    93  001001  42                 	db	66	;'B'
    94  001002  75                 	db	117	;'u'
    95  001003  74                 	db	116	;'t'
    96  001004  74                 	db	116	;'t'
    97  001005  6F                 	db	111	;'o'
    98  001006  6E                 	db	110	;'n'
    99  001007  20                 	db	32
   100  001008  42                 	db	66	;'B'
   101  001009  30                 	db	48	;'0'
   102  00100A  20                 	db	32
   103  00100B  69                 	db	105	;'i'
   104  00100C  73                 	db	115	;'s'
   105  00100D  20                 	db	32
   106  00100E  4F                 	db	79	;'O'
   107  00100F  4B                 	db	75	;'K'
   108  001010  00                 	db	0
   109  001011  42                 	db	66	;'B'
   110  001012  75                 	db	117	;'u'
   111  001013  74                 	db	116	;'t'
   112  001014  74                 	db	116	;'t'
   113  001015  6F                 	db	111	;'o'
   114  001016  6E                 	db	110	;'n'
   115  001017  20                 	db	32
   116  001018  41                 	db	65	;'A'
   117  001019  34                 	db	52	;'4'
   118  00101A  20                 	db	32
   119  00101B  69                 	db	105	;'i'
   120  00101C  73                 	db	115	;'s'
   121  00101D  20                 	db	32
   122  00101E  4F                 	db	79	;'O'
   123  00101F  4B                 	db	75	;'K'
   124  001020  00                 	db	0
   125  001021                     STR_15:
   126  001021  4E                 	db	78	;'N'
   127  001022  6F                 	db	111	;'o'
   128  001023  69                 	db	105	;'i'
   129  001024  73                 	db	115	;'s'
   130  001025  65                 	db	101	;'e'
   131  001026  20                 	db	32
   132  001027  73                 	db	115	;'s'
   133  001028  65                 	db	101	;'e'
   134  001029  6E                 	db	110	;'n'
   135  00102A  73                 	db	115	;'s'
   136  00102B  6F                 	db	111	;'o'
   137  00102C  72                 	db	114	;'r'
   138  00102D  00                 	db	0
   139  00102E                     STR_13:
   140  00102E  4C                 	db	76	;'L'
   141  00102F  69                 	db	105	;'i'
   142  001030  67                 	db	103	;'g'
   143  001031  68                 	db	104	;'h'
   144  001032  74                 	db	116	;'t'
   145  001033  20                 	db	32
   146  001034  73                 	db	115	;'s'
   147  001035  65                 	db	101	;'e'
   148  001036  6E                 	db	110	;'n'
   149  001037  73                 	db	115	;'s'
   150  001038  6F                 	db	111	;'o'
   151  001039  72                 	db	114	;'r'
   152  00103A  00                 	db	0
   153  00103B                     STR_19:
   154  00103B  50                 	db	80	;'P'
   155  00103C  6F                 	db	111	;'o'
   156  00103D  74                 	db	116	;'t'
   157  00103E  65                 	db	101	;'e'
   158  00103F  6E                 	db	110	;'n'
   159  001040  74                 	db	116	;'t'
   160  001041  69                 	db	105	;'i'
   161  001042  6F                 	db	111	;'o'
   162  001043  6D                 	db	109	;'m'
   163  001044  65                 	db	101	;'e'
   164  001045  74                 	db	116	;'t'
   165  001046  72                 	db	114	;'r'
   166  001047  00                 	db	0
   167  001048  4E                 	db	78	;'N'
   168  001049  6F                 	db	111	;'o'
   169  00104A  69                 	db	105	;'i'
   170  00104B  73                 	db	115	;'s'
   171  00104C  65                 	db	101	;'e'
   172  00104D  20                 	db	32
   173  00104E  69                 	db	105	;'i'
   174  00104F  73                 	db	115	;'s'
   175  001050  20                 	db	32
   176  001051  4F                 	db	79	;'O'
   177  001052  4B                 	db	75	;'K'
   178  001053  00                 	db	0
   179  001054  54                 	db	84	;'T'
   180  001055  65                 	db	101	;'e'
   181  001056  6D                 	db	109	;'m'
   182  001057  70                 	db	112	;'p'
   183  001058  65                 	db	101	;'e'
   184  001059  72                 	db	114	;'r'
   185  00105A  61                 	db	97	;'a'
   186  00105B  74                 	db	116	;'t'
   187  00105C  75                 	db	117	;'u'
   188  00105D  72                 	db	114	;'r'
   189  00105E  65                 	db	101	;'e'
   190  00105F  00                 	db	0
   191  001060  54                 	db	84	;'T'
   192  001061  65                 	db	101	;'e'
   193  001062  6D                 	db	109	;'m'
   194  001063  70                 	db	112	;'p'
   195  001064  20                 	db	32
   196  001065  73                 	db	115	;'s'
   197  001066  65                 	db	101	;'e'
   198  001067  6E                 	db	110	;'n'
   199  001068  73                 	db	115	;'s'
   200  001069  6F                 	db	111	;'o'
   201  00106A  72                 	db	114	;'r'
   202  00106B  00                 	db	0
   203  00106C                     STR_5:
   204  00106C  52                 	db	82	;'R'
   205  00106D  45                 	db	69	;'E'
   206  00106E  46                 	db	70	;'F'
   207  00106F  20                 	db	32
   208  001070  73                 	db	115	;'s'
   209  001071  65                 	db	101	;'e'
   210  001072  6E                 	db	110	;'n'
   211  001073  73                 	db	115	;'s'
   212  001074  6F                 	db	111	;'o'
   213  001075  72                 	db	114	;'r'
   214  001076  00                 	db	0
   215  001077  4C                 	db	76	;'L'
   216  001078  45                 	db	69	;'E'
   217  001079  44                 	db	68	;'D'
   218  00107A  20                 	db	32
   219  00107B  69                 	db	105	;'i'
   220  00107C  73                 	db	115	;'s'
   221  00107D  20                 	db	32
   222  00107E  4F                 	db	79	;'O'
   223  00107F  4B                 	db	75	;'K'
   224  001080  00                 	db	0
   225  001081  49                 	db	73	;'I'
   226  001082  52                 	db	82	;'R'
   227  001083  20                 	db	32
   228  001084  73                 	db	115	;'s'
   229  001085  65                 	db	101	;'e'
   230  001086  6E                 	db	110	;'n'
   231  001087  73                 	db	115	;'s'
   232  001088  6F                 	db	111	;'o'
   233  001089  72                 	db	114	;'r'
   234  00108A  00                 	db	0
   235  00108B  49                 	db	73	;'I'
   236  00108C  52                 	db	82	;'R'
   237  00108D  2D                 	db	45
   238  00108E  73                 	db	115	;'s'
   239  00108F  65                 	db	101	;'e'
   240  001090  6E                 	db	110	;'n'
   241  001091  73                 	db	115	;'s'
   242  001092  6F                 	db	111	;'o'
   243  001093  72                 	db	114	;'r'
   244  001094  00                 	db	0
   245  001095  52                 	db	82	;'R'
   246  001096  45                 	db	69	;'E'
   247  001097  44                 	db	68	;'D'
   248  001098  20                 	db	32
   249  001099  43                 	db	67	;'C'
   250  00109A  4F                 	db	79	;'O'
   251  00109B  44                 	db	68	;'D'
   252  00109C  45                 	db	69	;'E'
   253  00109D  00                 	db	0
   254  00109E  52                 	db	82	;'R'
   255  00109F  45                 	db	69	;'E'
   256  0010A0  46                 	db	70	;'F'
   257  0010A1  31                 	db	49	;'1'
   258  0010A2  3A                 	db	58	;':'
   259  0010A3  20                 	db	32
   260  0010A4  00                 	db	0
   261  0010A5  52                 	db	82	;'R'
   262  0010A6  45                 	db	69	;'E'
   263  0010A7  46                 	db	70	;'F'
   264  0010A8  32                 	db	50	;'2'
   265  0010A9  3A                 	db	58	;':'
   266  0010AA  20                 	db	32
   267  0010AB  00                 	db	0
   268  0010AC  52                 	db	82	;'R'
   269  0010AD  45                 	db	69	;'E'
   270  0010AE  46                 	db	70	;'F'
   271  0010AF  33                 	db	51	;'3'
   272  0010B0  3A                 	db	58	;':'
   273  0010B1  20                 	db	32
   274  0010B2  00                 	db	0
   275  0010B3                     STR_6:
   276  0010B3  56                 	db	86	;'V'
   277  0010B4  61                 	db	97	;'a'
   278  0010B5  6C                 	db	108	;'l'
   279  0010B6  3A                 	db	58	;':'
   280  0010B7  20                 	db	32
   281  0010B8  00                 	db	0
   282  0010B9                     STR_23:
   283  0010B9  7C                 	db	124
   284  0010BA  00                 	db	0
   285  0000                     
   286                           ; #config settings
   287  0010BB  00                 	db	0	; dummy byte at the end
   288  0000                     
   289                           	psect	cinit
   290  00124C                     __pcinit:
   291                           	opt stack 0
   292  00124C                     start_initialization:
   293                           	opt stack 0
   294  00124C                     __initialization:
   295                           	opt stack 0
   296                           
   297                           ; Clear objects allocated to COMRAM (8 bytes)
   298  00124C  EE00  F01A         	lfsr	0,__pbssCOMRAM
   299  001250  0E08               	movlw	8
   300  001252                     clear_0:
   301  001252  6AEE               	clrf	postinc0,c
   302  001254  06E8               	decf	wreg,f,c
   303  001256  E1FD               	bnz	clear_0
   304  001258                     end_of_initialization:
   305                           	opt stack 0
   306  001258                     __end_of__initialization:
   307                           	opt stack 0
   308  001258  9022               	bcf	int$flags,0,c	;clear compiler interrupt flag (level 1)
   309  00125A  9222               	bcf	int$flags,1,c	;clear compiler interrupt flag (level 2)
   310  00125C  0E00               	movlw	low (__Lmediumconst shr (0+16))
   311  00125E  6EF8               	movwf	tblptru,c
   312  001260  0100               	movlb	0
   313  001262  EF47  F009         	goto	_main	;jump to C main() function
   314                           tblptru	equ	0xFF8
   315                           postinc0	equ	0xFEE
   316                           wreg	equ	0xFE8
   317                           
   318                           	psect	bssCOMRAM
   319  00001A                     __pbssCOMRAM:
   320                           	opt stack 0
   321  00001A                     _sensor_3:
   322                           	opt stack 0
   323  00001A                     	ds	2
   324  00001C                     _sensor_2:
   325                           	opt stack 0
   326  00001C                     	ds	2
   327  00001E                     _sensor_1:
   328                           	opt stack 0
   329  00001E                     	ds	2
   330  000020                     _make_noise:
   331                           	opt stack 0
   332  000020                     	ds	2
   333                           tblptru	equ	0xFF8
   334                           postinc0	equ	0xFEE
   335                           wreg	equ	0xFE8
   336                           
   337                           	psect	cstackCOMRAM
   338  000001                     __pcstackCOMRAM:
   339                           	opt stack 0
   340  000001                     ??_LIisr:
   341  000001                     
   342                           ; 1 bytes @ 0x0
   343  000001                     	ds	22
   344  000017                     ??_lcd_command:
   345  000017                     
   346                           ; 1 bytes @ 0x16
   347  000017                     	ds	1
   348  000018                     lcd_command@outbyte:
   349                           	opt stack 0
   350                           
   351                           ; 1 bytes @ 0x17
   352  000018                     	ds	1
   353  000019                     ??_lcd_init:
   354                           
   355                           ; 1 bytes @ 0x18
   356  000019                     	ds	1
   357  00001A                     tblptru	equ	0xFF8
   358                           postinc0	equ	0xFEE
   359                           wreg	equ	0xFE8
   360                           
   361                           ; 1 bytes @ 0x19
   362 ;;
   363 ;;Main: autosize = 0, tempsize = 0, incstack = 0, save=0
   364 ;;
   365 ;; *************** function _main *****************
   366 ;; Defined at:
   367 ;;		line 15 in file "main.c"
   368 ;; Parameters:    Size  Location     Type
   369 ;;		None
   370 ;; Auto vars:     Size  Location     Type
   371 ;;		None
   372 ;; Return value:  Size  Location     Type
   373 ;;                  1    wreg      void 
   374 ;; Registers used:
   375 ;;		wreg, status,2, status,0, cstack
   376 ;; Tracked objects:
   377 ;;		On entry : 0/0
   378 ;;		On exit  : 0/0
   379 ;;		Unchanged: 0/0
   380 ;; Data sizes:     COMRAM   BANK0   BANK1   BANK2   BANK3   BANK4   BANK5   BANK6   BANK7   BANK8   BANK9  BANK10  BANK1
      +1  BANK12  BANK13  BANK14  BANK15
   381 ;;      Params:         0       0       0       0       0       0       0       0       0       0       0       0       
      +0       0       0       0       0
   382 ;;      Locals:         0       0       0       0       0       0       0       0       0       0       0       0       
      +0       0       0       0       0
   383 ;;      Temps:          0       0       0       0       0       0       0       0       0       0       0       0       
      +0       0       0       0       0
   384 ;;      Totals:         0       0       0       0       0       0       0       0       0       0       0       0       
      +0       0       0       0       0
   385 ;;Total ram usage:        0 bytes
   386 ;; Hardware stack levels required when called:    5
   387 ;; This function calls:
   388 ;;		_init_all_units
   389 ;;		_low_interrupt_init
   390 ;; This function is called by:
   391 ;;		Startup code after reset
   392 ;; This function uses a non-reentrant model
   393 ;;
   394                           
   395                           	psect	text0
   396  00128E                     __ptext0:
   397                           	opt stack 0
   398  00128E                     _main:
   399                           	opt stack 26
   400                           
   401                           ;main.c: 17: init_all_units( );
   402                           
   403                           ;incstack = 0
   404  00128E  EC3E  F009         	call	_init_all_units	;wreg free
   405                           
   406                           ;main.c: 20: low_interrupt_init( );
   407  001292  EC14  F009         	call	_low_interrupt_init	;wreg free
   408                           
   409                           ;main.c: 22: TRISBbits.RB3=0;
   410  001296  9693               	bcf	3987,3,c	;volatile
   411  001298                     l247:
   412                           
   413                           ;main.c: 24: {
   414  001298  D7FF               	goto	l247
   415  00129A                     __end_of_main:
   416                           	opt stack 0
   417                           tblptru	equ	0xFF8
   418                           postinc0	equ	0xFEE
   419                           wreg	equ	0xFE8
   420                           
   421 ;; *************** function _low_interrupt_init *****************
   422 ;; Defined at:
   423 ;;		line 121 in file "lib.c"
   424 ;; Parameters:    Size  Location     Type
   425 ;;		None
   426 ;; Auto vars:     Size  Location     Type
   427 ;;		None
   428 ;; Return value:  Size  Location     Type
   429 ;;                  1    wreg      void 
   430 ;; Registers used:
   431 ;;		wreg, status,2
   432 ;; Tracked objects:
   433 ;;		On entry : 0/0
   434 ;;		On exit  : 0/0
   435 ;;		Unchanged: 0/0
   436 ;; Data sizes:     COMRAM   BANK0   BANK1   BANK2   BANK3   BANK4   BANK5   BANK6   BANK7   BANK8   BANK9  BANK10  BANK1
      +1  BANK12  BANK13  BANK14  BANK15
   437 ;;      Params:         0       0       0       0       0       0       0       0       0       0       0       0       
      +0       0       0       0       0
   438 ;;      Locals:         0       0       0       0       0       0       0       0       0       0       0       0       
      +0       0       0       0       0
   439 ;;      Temps:          0       0       0       0       0       0       0       0       0       0       0       0       
      +0       0       0       0       0
   440 ;;      Totals:         0       0       0       0       0       0       0       0       0       0       0       0       
      +0       0       0       0       0
   441 ;;Total ram usage:        0 bytes
   442 ;; Hardware stack levels used:    1
   443 ;; Hardware stack levels required when called:    1
   444 ;; This function calls:
   445 ;;		Nothing
   446 ;; This function is called by:
   447 ;;		_main
   448 ;; This function uses a non-reentrant model
   449 ;;
   450                           
   451                           	psect	text1
   452  001228                     __ptext1:
   453                           	opt stack 0
   454  001228                     _low_interrupt_init:
   455                           	opt stack 29
   456                           
   457                           ;lib.c: 123: T0CONbits.T08BIT=0;
   458                           
   459                           ;incstack = 0
   460  001228  9CD5               	bcf	4053,6,c	;volatile
   461                           
   462                           ;lib.c: 124: T0CONbits.PSA=0;
   463  00122A  96D5               	bcf	4053,3,c	;volatile
   464                           
   465                           ;lib.c: 125: T0CONbits.T0PS=0b111;
   466  00122C  80D5               	bsf	4053,0,c	;volatile
   467  00122E  82D5               	bsf	4053,1,c	;volatile
   468  001230  84D5               	bsf	4053,2,c	;volatile
   469                           
   470                           ;lib.c: 126: T0CONbits.T0CS=0;
   471  001232  9AD5               	bcf	4053,5,c	;volatile
   472                           
   473                           ;lib.c: 127: TMR0H=217;
   474  001234  0ED9               	movlw	217
   475  001236  6ED7               	movwf	4055,c	;volatile
   476                           
   477                           ;lib.c: 128: TMR0L=217;
   478  001238  0ED9               	movlw	217
   479  00123A  6ED6               	movwf	4054,c	;volatile
   480                           
   481                           ;lib.c: 129: T0CONbits.TMR0ON=1;
   482  00123C  8ED5               	bsf	4053,7,c	;volatile
   483                           
   484                           ;lib.c: 130: RCONbits.IPEN=1;
   485  00123E  8ED0               	bsf	4048,7,c	;volatile
   486                           
   487                           ;lib.c: 131: INTCON2bits.TMR0IP=0;
   488  001240  94F1               	bcf	intcon2,2,c	;volatile
   489                           
   490                           ;lib.c: 132: INTCONbits.TMR0IF=0;
   491  001242  94F2               	bcf	intcon,2,c	;volatile
   492                           
   493                           ;lib.c: 133: INTCONbits.GIEH=1;
   494  001244  8EF2               	bsf	intcon,7,c	;volatile
   495                           
   496                           ;lib.c: 134: INTCONbits.GIEL=1;
   497  001246  8CF2               	bsf	intcon,6,c	;volatile
   498                           
   499                           ;lib.c: 135: INTCONbits.TMR0IE=1;
   500  001248  8AF2               	bsf	intcon,5,c	;volatile
   501  00124A  0012               	return		;funcret
   502  00124C                     __end_of_low_interrupt_init:
   503                           	opt stack 0
   504                           tblptru	equ	0xFF8
   505                           intcon	equ	0xFF2
   506                           intcon2	equ	0xFF1
   507                           postinc0	equ	0xFEE
   508                           wreg	equ	0xFE8
   509                           
   510 ;; *************** function _init_all_units *****************
   511 ;; Defined at:
   512 ;;		line 309 in file "lib.c"
   513 ;; Parameters:    Size  Location     Type
   514 ;;		None
   515 ;; Auto vars:     Size  Location     Type
   516 ;;		None
   517 ;; Return value:  Size  Location     Type
   518 ;;                  1    wreg      void 
   519 ;; Registers used:
   520 ;;		wreg, status,2, status,0, cstack
   521 ;; Tracked objects:
   522 ;;		On entry : 0/0
   523 ;;		On exit  : 0/0
   524 ;;		Unchanged: 0/0
   525 ;; Data sizes:     COMRAM   BANK0   BANK1   BANK2   BANK3   BANK4   BANK5   BANK6   BANK7   BANK8   BANK9  BANK10  BANK1
      +1  BANK12  BANK13  BANK14  BANK15
   526 ;;      Params:         0       0       0       0       0       0       0       0       0       0       0       0       
      +0       0       0       0       0
   527 ;;      Locals:         0       0       0       0       0       0       0       0       0       0       0       0       
      +0       0       0       0       0
   528 ;;      Temps:          0       0       0       0       0       0       0       0       0       0       0       0       
      +0       0       0       0       0
   529 ;;      Totals:         0       0       0       0       0       0       0       0       0       0       0       0       
      +0       0       0       0       0
   530 ;;Total ram usage:        0 bytes
   531 ;; Hardware stack levels used:    1
   532 ;; Hardware stack levels required when called:    4
   533 ;; This function calls:
   534 ;;		_Adc_init
   535 ;;		_lcd_init
   536 ;;		_motor_init
   537 ;;		_timer_init
   538 ;; This function is called by:
   539 ;;		_main
   540 ;; This function uses a non-reentrant model
   541 ;;
   542                           
   543                           	psect	text2
   544  00127C                     __ptext2:
   545                           	opt stack 0
   546  00127C                     _init_all_units:
   547                           	opt stack 26
   548                           
   549                           ;lib.c: 311: lcd_init();
   550                           
   551                           ;incstack = 0
   552  00127C  EC5E  F008         	call	_lcd_init	;wreg free
   553                           
   554                           ;lib.c: 312: Adc_init();
   555  001280  ECED  F008         	call	_Adc_init	;wreg free
   556                           
   557                           ;lib.c: 313: motor_init();
   558  001284  ECD3  F008         	call	_motor_init	;wreg free
   559                           
   560                           ;lib.c: 314: timer_init();
   561  001288  EC01  F009         	call	_timer_init	;wreg free
   562  00128C  0012               	return		;funcret
   563  00128E                     __end_of_init_all_units:
   564                           	opt stack 0
   565                           tblptru	equ	0xFF8
   566                           intcon	equ	0xFF2
   567                           intcon2	equ	0xFF1
   568                           postinc0	equ	0xFEE
   569                           wreg	equ	0xFE8
   570                           
   571 ;; *************** function _timer_init *****************
   572 ;; Defined at:
   573 ;;		line 201 in file "lib.c"
   574 ;; Parameters:    Size  Location     Type
   575 ;;		None
   576 ;; Auto vars:     Size  Location     Type
   577 ;;		None
   578 ;; Return value:  Size  Location     Type
   579 ;;                  1    wreg      void 
   580 ;; Registers used:
   581 ;;		wreg, status,2
   582 ;; Tracked objects:
   583 ;;		On entry : 0/0
   584 ;;		On exit  : 0/0
   585 ;;		Unchanged: 0/0
   586 ;; Data sizes:     COMRAM   BANK0   BANK1   BANK2   BANK3   BANK4   BANK5   BANK6   BANK7   BANK8   BANK9  BANK10  BANK1
      +1  BANK12  BANK13  BANK14  BANK15
   587 ;;      Params:         0       0       0       0       0       0       0       0       0       0       0       0       
      +0       0       0       0       0
   588 ;;      Locals:         0       0       0       0       0       0       0       0       0       0       0       0       
      +0       0       0       0       0
   589 ;;      Temps:          0       0       0       0       0       0       0       0       0       0       0       0       
      +0       0       0       0       0
   590 ;;      Totals:         0       0       0       0       0       0       0       0       0       0       0       0       
      +0       0       0       0       0
   591 ;;Total ram usage:        0 bytes
   592 ;; Hardware stack levels used:    1
   593 ;; Hardware stack levels required when called:    1
   594 ;; This function calls:
   595 ;;		Nothing
   596 ;; This function is called by:
   597 ;;		_init_all_units
   598 ;; This function uses a non-reentrant model
   599 ;;
   600                           
   601                           	psect	text3
   602  001202                     __ptext3:
   603                           	opt stack 0
   604  001202                     _timer_init:
   605                           	opt stack 28
   606                           
   607                           ;lib.c: 204: TRISCbits.RC0 = 0;
   608                           
   609                           ;incstack = 0
   610  001202  9094               	bcf	3988,0,c	;volatile
   611                           
   612                           ;lib.c: 205: T0CONbits.T08BIT=1;
   613  001204  8CD5               	bsf	4053,6,c	;volatile
   614                           
   615                           ;lib.c: 206: T0CONbits.PSA=1;
   616  001206  86D5               	bsf	4053,3,c	;volatile
   617                           
   618                           ;lib.c: 207: T0CONbits.T0PS=0b111;
   619  001208  80D5               	bsf	4053,0,c	;volatile
   620  00120A  82D5               	bsf	4053,1,c	;volatile
   621  00120C  84D5               	bsf	4053,2,c	;volatile
   622                           
   623                           ;lib.c: 208: T0CONbits.T0CS=0;
   624  00120E  9AD5               	bcf	4053,5,c	;volatile
   625                           
   626                           ;lib.c: 209: TMR0H=0;
   627  001210  0E00               	movlw	0
   628  001212  6ED7               	movwf	4055,c	;volatile
   629                           
   630                           ;lib.c: 210: TMR0L=200;
   631  001214  0EC8               	movlw	200
   632  001216  6ED6               	movwf	4054,c	;volatile
   633                           
   634                           ;lib.c: 211: T0CONbits.TMR0ON=1;
   635  001218  8ED5               	bsf	4053,7,c	;volatile
   636                           
   637                           ;lib.c: 212: RCONbits.IPEN=1;
   638  00121A  8ED0               	bsf	4048,7,c	;volatile
   639                           
   640                           ;lib.c: 213: INTCON2bits.TMR0IP=0;
   641  00121C  94F1               	bcf	intcon2,2,c	;volatile
   642                           
   643                           ;lib.c: 214: INTCONbits.TMR0IF=0;
   644  00121E  94F2               	bcf	intcon,2,c	;volatile
   645                           
   646                           ;lib.c: 215: INTCONbits.GIEH=1;
   647  001220  8EF2               	bsf	intcon,7,c	;volatile
   648                           
   649                           ;lib.c: 216: INTCONbits.GIEL=1;
   650  001222  8CF2               	bsf	intcon,6,c	;volatile
   651                           
   652                           ;lib.c: 217: INTCONbits.TMR0IE=1;
   653  001224  8AF2               	bsf	intcon,5,c	;volatile
   654  001226  0012               	return		;funcret
   655  001228                     __end_of_timer_init:
   656                           	opt stack 0
   657                           tblptru	equ	0xFF8
   658                           intcon	equ	0xFF2
   659                           intcon2	equ	0xFF1
   660                           postinc0	equ	0xFEE
   661                           wreg	equ	0xFE8
   662                           
   663 ;; *************** function _motor_init *****************
   664 ;; Defined at:
   665 ;;		line 138 in file "lib.c"
   666 ;; Parameters:    Size  Location     Type
   667 ;;		None
   668 ;; Auto vars:     Size  Location     Type
   669 ;;		None
   670 ;; Return value:  Size  Location     Type
   671 ;;                  1    wreg      void 
   672 ;; Registers used:
   673 ;;		wreg, status,2
   674 ;; Tracked objects:
   675 ;;		On entry : 0/0
   676 ;;		On exit  : 0/0
   677 ;;		Unchanged: 0/0
   678 ;; Data sizes:     COMRAM   BANK0   BANK1   BANK2   BANK3   BANK4   BANK5   BANK6   BANK7   BANK8   BANK9  BANK10  BANK1
      +1  BANK12  BANK13  BANK14  BANK15
   679 ;;      Params:         0       0       0       0       0       0       0       0       0       0       0       0       
      +0       0       0       0       0
   680 ;;      Locals:         0       0       0       0       0       0       0       0       0       0       0       0       
      +0       0       0       0       0
   681 ;;      Temps:          0       0       0       0       0       0       0       0       0       0       0       0       
      +0       0       0       0       0
   682 ;;      Totals:         0       0       0       0       0       0       0       0       0       0       0       0       
      +0       0       0       0       0
   683 ;;Total ram usage:        0 bytes
   684 ;; Hardware stack levels used:    1
   685 ;; Hardware stack levels required when called:    1
   686 ;; This function calls:
   687 ;;		Nothing
   688 ;; This function is called by:
   689 ;;		_init_all_units
   690 ;; This function uses a non-reentrant model
   691 ;;
   692                           
   693                           	psect	text4
   694  0011A6                     __ptext4:
   695                           	opt stack 0
   696  0011A6                     _motor_init:
   697                           	opt stack 28
   698                           
   699                           ;lib.c: 140: TRISDbits.RD0=0;
   700                           
   701                           ;incstack = 0
   702  0011A6  9095               	bcf	3989,0,c	;volatile
   703                           
   704                           ;lib.c: 141: TRISDbits.RD1=0;
   705  0011A8  9295               	bcf	3989,1,c	;volatile
   706                           
   707                           ;lib.c: 142: TRISBbits.RB1=0;
   708  0011AA  9293               	bcf	3987,1,c	;volatile
   709                           
   710                           ;lib.c: 143: TRISBbits.RB2=0;
   711  0011AC  9493               	bcf	3987,2,c	;volatile
   712                           
   713                           ;lib.c: 144: TRISCbits.TRISC1=0;
   714  0011AE  9294               	bcf	3988,1,c	;volatile
   715                           
   716                           ;lib.c: 145: TRISCbits.TRISC2=0;
   717  0011B0  9494               	bcf	3988,2,c	;volatile
   718                           
   719                           ;lib.c: 146: CCP1CONbits.CCP1M=0b1100;
   720  0011B2  50BD               	movf	4029,w,c	;volatile
   721  0011B4  0BF0               	andlw	-16
   722  0011B6  090C               	iorlw	12
   723  0011B8  6EBD               	movwf	4029,c	;volatile
   724                           
   725                           ;lib.c: 147: CCP1CONbits.P1M=0b00;
   726  0011BA  0E3F               	movlw	-193
   727  0011BC  16BD               	andwf	4029,f,c	;volatile
   728                           
   729                           ;lib.c: 148: CCP2CONbits.CCP2M=0b1111;
   730  0011BE  80BA               	bsf	4026,0,c	;volatile
   731  0011C0  82BA               	bsf	4026,1,c	;volatile
   732  0011C2  84BA               	bsf	4026,2,c	;volatile
   733  0011C4  86BA               	bsf	4026,3,c	;volatile
   734                           
   735                           ;lib.c: 149: CCPR1L=0;
   736  0011C6  0E00               	movlw	0
   737  0011C8  6EBE               	movwf	4030,c	;volatile
   738                           
   739                           ;lib.c: 150: CCPR2L=0;
   740  0011CA  0E00               	movlw	0
   741  0011CC  6EBB               	movwf	4027,c	;volatile
   742                           
   743                           ;lib.c: 151: PR2=124;
   744  0011CE  0E7C               	movlw	124
   745  0011D0  6ECB               	movwf	4043,c	;volatile
   746                           
   747                           ;lib.c: 152: T2CONbits.T2CKPS=0b00;
   748  0011D2  0EFC               	movlw	-4
   749  0011D4  16CA               	andwf	4042,f,c	;volatile
   750                           
   751                           ;lib.c: 153: T2CONbits.TMR2ON=1;
   752  0011D6  84CA               	bsf	4042,2,c	;volatile
   753  0011D8  0012               	return		;funcret
   754  0011DA                     __end_of_motor_init:
   755                           	opt stack 0
   756                           tblptru	equ	0xFF8
   757                           intcon	equ	0xFF2
   758                           intcon2	equ	0xFF1
   759                           postinc0	equ	0xFEE
   760                           wreg	equ	0xFE8
   761                           
   762 ;; *************** function _lcd_init *****************
   763 ;; Defined at:
   764 ;;		line 54 in file "lib.c"
   765 ;; Parameters:    Size  Location     Type
   766 ;;		None
   767 ;; Auto vars:     Size  Location     Type
   768 ;;		None
   769 ;; Return value:  Size  Location     Type
   770 ;;                  1    wreg      void 
   771 ;; Registers used:
   772 ;;		wreg, status,2, status,0, cstack
   773 ;; Tracked objects:
   774 ;;		On entry : 0/0
   775 ;;		On exit  : 0/0
   776 ;;		Unchanged: 0/0
   777 ;; Data sizes:     COMRAM   BANK0   BANK1   BANK2   BANK3   BANK4   BANK5   BANK6   BANK7   BANK8   BANK9  BANK10  BANK1
      +1  BANK12  BANK13  BANK14  BANK15
   778 ;;      Params:         0       0       0       0       0       0       0       0       0       0       0       0       
      +0       0       0       0       0
   779 ;;      Locals:         0       0       0       0       0       0       0       0       0       0       0       0       
      +0       0       0       0       0
   780 ;;      Temps:          1       0       0       0       0       0       0       0       0       0       0       0       
      +0       0       0       0       0
   781 ;;      Totals:         1       0       0       0       0       0       0       0       0       0       0       0       
      +0       0       0       0       0
   782 ;;Total ram usage:        1 bytes
   783 ;; Hardware stack levels used:    1
   784 ;; Hardware stack levels required when called:    3
   785 ;; This function calls:
   786 ;;		_lcd_clk
   787 ;;		_lcd_command
   788 ;; This function is called by:
   789 ;;		_init_all_units
   790 ;; This function uses a non-reentrant model
   791 ;;
   792                           
   793                           	psect	text5
   794  0010BC                     __ptext5:
   795                           	opt stack 0
   796  0010BC                     _lcd_init:
   797                           	opt stack 26
   798                           
   799                           ;lib.c: 56: TRISD &= 0x03;
   800                           
   801                           ;incstack = 0
   802  0010BC  0E03               	movlw	3
   803  0010BE  1695               	andwf	3989,f,c	;volatile
   804                           
   805                           ;lib.c: 57: LATD &= 0b00001111;
   806  0010C0  0E0F               	movlw	15
   807  0010C2  168C               	andwf	3980,f,c	;volatile
   808                           
   809                           ;lib.c: 58: PORTDbits.RD3=0;
   810  0010C4  9683               	bcf	3971,3,c	;volatile
   811                           
   812                           ;lib.c: 59: PORTDbits.RD2=0;
   813  0010C6  9483               	bcf	3971,2,c	;volatile
   814                           
   815                           ;lib.c: 60: _delay((unsigned long)((1)*(10000000/4000.0)));
   816  0010C8  0E04               	movlw	4
   817  0010CA  6E19               	movwf	??_lcd_init& (0+255),c
   818  0010CC  0E3E               	movlw	62
   819  0010CE                     u277:
   820  0010CE  2EE8               	decfsz	wreg,f,c
   821  0010D0  D7FE               	bra	u277
   822  0010D2  2E19               	decfsz	??_lcd_init& (0+255),f,c
   823  0010D4  D7FC               	bra	u277
   824                           
   825                           ;lib.c: 62: LATD=(LATD&0x0f)|0x30;
   826  0010D6  508C               	movf	3980,w,c	;volatile
   827  0010D8  0B0F               	andlw	15
   828  0010DA  0930               	iorlw	48
   829  0010DC  6E8C               	movwf	3980,c	;volatile
   830                           
   831                           ;lib.c: 63: lcd_clk();
   832  0010DE  EC33  F009         	call	_lcd_clk	;wreg free
   833                           
   834                           ;lib.c: 64: _delay((unsigned long)((1)*(10000000/4000.0)));
   835  0010E2  0E04               	movlw	4
   836  0010E4  6E19               	movwf	??_lcd_init& (0+255),c
   837  0010E6  0E3E               	movlw	62
   838  0010E8                     u287:
   839  0010E8  2EE8               	decfsz	wreg,f,c
   840  0010EA  D7FE               	bra	u287
   841  0010EC  2E19               	decfsz	??_lcd_init& (0+255),f,c
   842  0010EE  D7FC               	bra	u287
   843                           
   844                           ;lib.c: 65: LATD=(LATD&0x0f)|0x30;
   845  0010F0  508C               	movf	3980,w,c	;volatile
   846  0010F2  0B0F               	andlw	15
   847  0010F4  0930               	iorlw	48
   848  0010F6  6E8C               	movwf	3980,c	;volatile
   849                           
   850                           ;lib.c: 66: lcd_clk();
   851  0010F8  EC33  F009         	call	_lcd_clk	;wreg free
   852                           
   853                           ;lib.c: 67: _delay((unsigned long)((1)*(10000000/4000.0)));
   854  0010FC  0E04               	movlw	4
   855  0010FE  6E19               	movwf	??_lcd_init& (0+255),c
   856  001100  0E3E               	movlw	62
   857  001102                     u297:
   858  001102  2EE8               	decfsz	wreg,f,c
   859  001104  D7FE               	bra	u297
   860  001106  2E19               	decfsz	??_lcd_init& (0+255),f,c
   861  001108  D7FC               	bra	u297
   862                           
   863                           ;lib.c: 68: LATD=(LATD&0x0f)|0x30;
   864  00110A  508C               	movf	3980,w,c	;volatile
   865  00110C  0B0F               	andlw	15
   866  00110E  0930               	iorlw	48
   867  001110  6E8C               	movwf	3980,c	;volatile
   868                           
   869                           ;lib.c: 69: lcd_clk();
   870  001112  EC33  F009         	call	_lcd_clk	;wreg free
   871                           
   872                           ;lib.c: 70: _delay((unsigned long)((1)*(10000000/4000.0)));
   873  001116  0E04               	movlw	4
   874  001118  6E19               	movwf	??_lcd_init& (0+255),c
   875  00111A  0E3E               	movlw	62
   876  00111C                     u307:
   877  00111C  2EE8               	decfsz	wreg,f,c
   878  00111E  D7FE               	bra	u307
   879  001120  2E19               	decfsz	??_lcd_init& (0+255),f,c
   880  001122  D7FC               	bra	u307
   881                           
   882                           ;lib.c: 72: LATD=(LATD&0x0f)|0x20;
   883  001124  508C               	movf	3980,w,c	;volatile
   884  001126  0B0F               	andlw	15
   885  001128  0920               	iorlw	32
   886  00112A  6E8C               	movwf	3980,c	;volatile
   887                           
   888                           ;lib.c: 73: lcd_clk();
   889  00112C  EC33  F009         	call	_lcd_clk	;wreg free
   890                           
   891                           ;lib.c: 74: _delay((unsigned long)((1)*(10000000/4000.0)));
   892  001130  0E04               	movlw	4
   893  001132  6E19               	movwf	??_lcd_init& (0+255),c
   894  001134  0E3E               	movlw	62
   895  001136                     u317:
   896  001136  2EE8               	decfsz	wreg,f,c
   897  001138  D7FE               	bra	u317
   898  00113A  2E19               	decfsz	??_lcd_init& (0+255),f,c
   899  00113C  D7FC               	bra	u317
   900                           
   901                           ;lib.c: 75: lcd_command(0x28);
   902  00113E  0E28               	movlw	40
   903  001140  ECB2  F008         	call	_lcd_command
   904                           
   905                           ;lib.c: 76: lcd_command(0x01);
   906  001144  0E01               	movlw	1
   907  001146  ECB2  F008         	call	_lcd_command
   908                           
   909                           ;lib.c: 77: lcd_command(0x06);
   910  00114A  0E06               	movlw	6
   911  00114C  ECB2  F008         	call	_lcd_command
   912                           
   913                           ;lib.c: 78: lcd_command(0x0C);
   914  001150  0E0C               	movlw	12
   915  001152  ECB2  F008         	call	_lcd_command
   916                           
   917                           ;lib.c: 79: lcd_command(0x02);
   918  001156  0E02               	movlw	2
   919  001158  ECB2  F008         	call	_lcd_command
   920                           
   921                           ;lib.c: 80: lcd_command(0x01);
   922  00115C  0E01               	movlw	1
   923  00115E  ECB2  F008         	call	_lcd_command
   924  001162  0012               	return		;funcret
   925  001164                     __end_of_lcd_init:
   926                           	opt stack 0
   927                           tblptru	equ	0xFF8
   928                           intcon	equ	0xFF2
   929                           intcon2	equ	0xFF1
   930                           postinc0	equ	0xFEE
   931                           wreg	equ	0xFE8
   932                           
   933 ;; *************** function _lcd_command *****************
   934 ;; Defined at:
   935 ;;		line 14 in file "lib.c"
   936 ;; Parameters:    Size  Location     Type
   937 ;;  outbyte         1    wreg     unsigned char 
   938 ;; Auto vars:     Size  Location     Type
   939 ;;  outbyte         1   23[COMRAM] unsigned char 
   940 ;; Return value:  Size  Location     Type
   941 ;;                  1    wreg      void 
   942 ;; Registers used:
   943 ;;		wreg, status,2, status,0, cstack
   944 ;; Tracked objects:
   945 ;;		On entry : 0/0
   946 ;;		On exit  : 0/0
   947 ;;		Unchanged: 0/0
   948 ;; Data sizes:     COMRAM   BANK0   BANK1   BANK2   BANK3   BANK4   BANK5   BANK6   BANK7   BANK8   BANK9  BANK10  BANK1
      +1  BANK12  BANK13  BANK14  BANK15
   949 ;;      Params:         0       0       0       0       0       0       0       0       0       0       0       0       
      +0       0       0       0       0
   950 ;;      Locals:         1       0       0       0       0       0       0       0       0       0       0       0       
      +0       0       0       0       0
   951 ;;      Temps:          1       0       0       0       0       0       0       0       0       0       0       0       
      +0       0       0       0       0
   952 ;;      Totals:         2       0       0       0       0       0       0       0       0       0       0       0       
      +0       0       0       0       0
   953 ;;Total ram usage:        2 bytes
   954 ;; Hardware stack levels used:    1
   955 ;; Hardware stack levels required when called:    2
   956 ;; This function calls:
   957 ;;		_lcd_clk
   958 ;; This function is called by:
   959 ;;		_lcd_init
   960 ;;		_lcd_puts
   961 ;;		_testButtonRoutine
   962 ;;		_testAllSensorsRoutine
   963 ;;		_testRefSensors
   964 ;;		_testDistanceSensorRoutine
   965 ;;		_testLightSensorRoutine
   966 ;;		_testNoiseSensorRoutine
   967 ;;		_testTemperatureSensorRoutine
   968 ;;		_testPotentiometrRoutine
   969 ;; This function uses a non-reentrant model
   970 ;;
   971                           
   972                           	psect	text6
   973  001164                     __ptext6:
   974                           	opt stack 0
   975  001164                     _lcd_command:
   976                           	opt stack 26
   977                           
   978                           ;incstack = 0
   979                           ;lcd_command@outbyte stored from wreg
   980  001164  6E18               	movwf	lcd_command@outbyte,c
   981                           
   982                           ;lib.c: 16: PORTDbits.RD2=0;
   983  001166  9483               	bcf	3971,2,c	;volatile
   984                           
   985                           ;lib.c: 17: LATD=(LATD&0x0f)|(outbyte&0xf0);
   986  001168  C018  F017         	movff	lcd_command@outbyte,??_lcd_command
   987  00116C  0EF0               	movlw	240
   988  00116E  1617               	andwf	??_lcd_command,f,c
   989  001170  508C               	movf	3980,w,c	;volatile
   990  001172  0B0F               	andlw	15
   991  001174  1017               	iorwf	??_lcd_command,w,c
   992  001176  6E8C               	movwf	3980,c	;volatile
   993                           
   994                           ;lib.c: 18: lcd_clk();
   995  001178  EC33  F009         	call	_lcd_clk	;wreg free
   996                           
   997                           ;lib.c: 19: LATD=(LATD&0x0f)|((outbyte<<4)&0xf0);
   998  00117C  C018  F017         	movff	lcd_command@outbyte,??_lcd_command
   999  001180  3A17               	swapf	??_lcd_command,f,c
  1000  001182  0EF0               	movlw	240
  1001  001184  1617               	andwf	??_lcd_command,f,c
  1002  001186  0EF0               	movlw	240
  1003  001188  1617               	andwf	??_lcd_command,f,c
  1004  00118A  508C               	movf	3980,w,c	;volatile
  1005  00118C  0B0F               	andlw	15
  1006  00118E  1017               	iorwf	??_lcd_command,w,c
  1007  001190  6E8C               	movwf	3980,c	;volatile
  1008                           
  1009                           ;lib.c: 20: lcd_clk();
  1010  001192  EC33  F009         	call	_lcd_clk	;wreg free
  1011                           
  1012                           ;lib.c: 21: _delay((unsigned long)((1)*(10000000/4000.0)));
  1013  001196  0E04               	movlw	4
  1014  001198  6E17               	movwf	??_lcd_command& (0+255),c
  1015  00119A  0E3E               	movlw	62
  1016  00119C                     u327:
  1017  00119C  2EE8               	decfsz	wreg,f,c
  1018  00119E  D7FE               	bra	u327
  1019  0011A0  2E17               	decfsz	??_lcd_command& (0+255),f,c
  1020  0011A2  D7FC               	bra	u327
  1021  0011A4  0012               	return		;funcret
  1022  0011A6                     __end_of_lcd_command:
  1023                           	opt stack 0
  1024                           tblptru	equ	0xFF8
  1025                           intcon	equ	0xFF2
  1026                           intcon2	equ	0xFF1
  1027                           postinc0	equ	0xFEE
  1028                           wreg	equ	0xFE8
  1029                           
  1030 ;; *************** function _lcd_clk *****************
  1031 ;; Defined at:
  1032 ;;		line 6 in file "lib.c"
  1033 ;; Parameters:    Size  Location     Type
  1034 ;;		None
  1035 ;; Auto vars:     Size  Location     Type
  1036 ;;		None
  1037 ;; Return value:  Size  Location     Type
  1038 ;;                  1    wreg      void 
  1039 ;; Registers used:
  1040 ;;		wreg
  1041 ;; Tracked objects:
  1042 ;;		On entry : 0/0
  1043 ;;		On exit  : 0/0
  1044 ;;		Unchanged: 0/0
  1045 ;; Data sizes:     COMRAM   BANK0   BANK1   BANK2   BANK3   BANK4   BANK5   BANK6   BANK7   BANK8   BANK9  BANK10  BANK1
      +1  BANK12  BANK13  BANK14  BANK15
  1046 ;;      Params:         0       0       0       0       0       0       0       0       0       0       0       0       
      +0       0       0       0       0
  1047 ;;      Locals:         0       0       0       0       0       0       0       0       0       0       0       0       
      +0       0       0       0       0
  1048 ;;      Temps:          0       0       0       0       0       0       0       0       0       0       0       0       
      +0       0       0       0       0
  1049 ;;      Totals:         0       0       0       0       0       0       0       0       0       0       0       0       
      +0       0       0       0       0
  1050 ;;Total ram usage:        0 bytes
  1051 ;; Hardware stack levels used:    1
  1052 ;; Hardware stack levels required when called:    1
  1053 ;; This function calls:
  1054 ;;		Nothing
  1055 ;; This function is called by:
  1056 ;;		_lcd_command
  1057 ;;		_lcd_init
  1058 ;;		_lcd_putc
  1059 ;; This function uses a non-reentrant model
  1060 ;;
  1061                           
  1062                           	psect	text7
  1063  001266                     __ptext7:
  1064                           	opt stack 0
  1065  001266                     _lcd_clk:
  1066                           	opt stack 26
  1067                           
  1068                           ;lib.c: 8: PORTDbits.RD3 = 1;
  1069                           
  1070                           ;incstack = 0
  1071  001266  8683               	bsf	3971,3,c	;volatile
  1072                           
  1073                           ;lib.c: 9: _delay((unsigned long)((50)*(10000000/4000000.0)));
  1074  001268  0E29               	movlw	41
  1075  00126A                     u337:
  1076  00126A  2EE8               	decfsz	wreg,f,c
  1077  00126C  D7FE               	bra	u337
  1078  00126E  D000               	nop2	
  1079                           
  1080                           ;lib.c: 10: PORTDbits.RD3 = 0;
  1081  001270  9683               	bcf	3971,3,c	;volatile
  1082                           
  1083                           ;lib.c: 11: _delay((unsigned long)((50)*(10000000/4000000.0)));
  1084  001272  0E29               	movlw	41
  1085  001274                     u347:
  1086  001274  2EE8               	decfsz	wreg,f,c
  1087  001276  D7FE               	bra	u347
  1088  001278  D000               	nop2	
  1089  00127A  0012               	return		;funcret
  1090  00127C                     __end_of_lcd_clk:
  1091                           	opt stack 0
  1092                           tblptru	equ	0xFF8
  1093                           intcon	equ	0xFF2
  1094                           intcon2	equ	0xFF1
  1095                           postinc0	equ	0xFEE
  1096                           wreg	equ	0xFE8
  1097                           
  1098 ;; *************** function _Adc_init *****************
  1099 ;; Defined at:
  1100 ;;		line 83 in file "lib.c"
  1101 ;; Parameters:    Size  Location     Type
  1102 ;;		None
  1103 ;; Auto vars:     Size  Location     Type
  1104 ;;		None
  1105 ;; Return value:  Size  Location     Type
  1106 ;;                  1    wreg      void 
  1107 ;; Registers used:
  1108 ;;		wreg, status,2, status,0
  1109 ;; Tracked objects:
  1110 ;;		On entry : 0/0
  1111 ;;		On exit  : 0/0
  1112 ;;		Unchanged: 0/0
  1113 ;; Data sizes:     COMRAM   BANK0   BANK1   BANK2   BANK3   BANK4   BANK5   BANK6   BANK7   BANK8   BANK9  BANK10  BANK1
      +1  BANK12  BANK13  BANK14  BANK15
  1114 ;;      Params:         0       0       0       0       0       0       0       0       0       0       0       0       
      +0       0       0       0       0
  1115 ;;      Locals:         0       0       0       0       0       0       0       0       0       0       0       0       
      +0       0       0       0       0
  1116 ;;      Temps:          0       0       0       0       0       0       0       0       0       0       0       0       
      +0       0       0       0       0
  1117 ;;      Totals:         0       0       0       0       0       0       0       0       0       0       0       0       
      +0       0       0       0       0
  1118 ;;Total ram usage:        0 bytes
  1119 ;; Hardware stack levels used:    1
  1120 ;; Hardware stack levels required when called:    1
  1121 ;; This function calls:
  1122 ;;		Nothing
  1123 ;; This function is called by:
  1124 ;;		_init_all_units
  1125 ;; This function uses a non-reentrant model
  1126 ;;
  1127                           
  1128                           	psect	text8
  1129  0011DA                     __ptext8:
  1130                           	opt stack 0
  1131  0011DA                     _Adc_init:
  1132                           	opt stack 28
  1133                           
  1134                           ;lib.c: 85: TRISA|=0b00101111;
  1135                           
  1136                           ;incstack = 0
  1137  0011DA  0E2F               	movlw	47
  1138  0011DC  1292               	iorwf	3986,f,c	;volatile
  1139                           
  1140                           ;lib.c: 86: TRISE|=0b00000111;
  1141  0011DE  0E07               	movlw	7
  1142  0011E0  1296               	iorwf	3990,f,c	;volatile
  1143                           
  1144                           ;lib.c: 87: ADCON1bits.PCFG=0b0111;
  1145  0011E2  50C1               	movf	4033,w,c	;volatile
  1146  0011E4  0BF0               	andlw	-16
  1147  0011E6  0907               	iorlw	7
  1148  0011E8  6EC1               	movwf	4033,c	;volatile
  1149                           
  1150                           ;lib.c: 88: ADCON1bits.VCFG=0b00;
  1151  0011EA  0ECF               	movlw	-49
  1152  0011EC  16C1               	andwf	4033,f,c	;volatile
  1153                           
  1154                           ;lib.c: 89: ADCON2bits.ACQT=0b111;
  1155  0011EE  86C0               	bsf	4032,3,c	;volatile
  1156  0011F0  88C0               	bsf	4032,4,c	;volatile
  1157  0011F2  8AC0               	bsf	4032,5,c	;volatile
  1158                           
  1159                           ;lib.c: 90: ADCON2bits.ADCS=0b110;
  1160  0011F4  50C0               	movf	4032,w,c	;volatile
  1161  0011F6  0BF8               	andlw	-8
  1162  0011F8  0906               	iorlw	6
  1163  0011FA  6EC0               	movwf	4032,c	;volatile
  1164                           
  1165                           ;lib.c: 91: ADCON2bits.ADFM=0;
  1166  0011FC  9EC0               	bcf	4032,7,c	;volatile
  1167                           
  1168                           ;lib.c: 92: ADCON0bits.ADON=1;
  1169  0011FE  80C2               	bsf	4034,0,c	;volatile
  1170  001200  0012               	return		;funcret
  1171  001202                     __end_of_Adc_init:
  1172                           	opt stack 0
  1173                           tblptru	equ	0xFF8
  1174                           intcon	equ	0xFF2
  1175                           intcon2	equ	0xFF1
  1176                           postinc0	equ	0xFEE
  1177                           wreg	equ	0xFE8
  1178                           
  1179 ;; *************** function _LIisr *****************
  1180 ;; Defined at:
  1181 ;;		line 4 in file "main.c"
  1182 ;; Parameters:    Size  Location     Type
  1183 ;;		None
  1184 ;; Auto vars:     Size  Location     Type
  1185 ;;		None
  1186 ;; Return value:  Size  Location     Type
  1187 ;;                  1    wreg      void 
  1188 ;; Registers used:
  1189 ;;		wreg, status,2, status,0
  1190 ;; Tracked objects:
  1191 ;;		On entry : 0/0
  1192 ;;		On exit  : 0/0
  1193 ;;		Unchanged: 0/0
  1194 ;; Data sizes:     COMRAM   BANK0   BANK1   BANK2   BANK3   BANK4   BANK5   BANK6   BANK7   BANK8   BANK9  BANK10  BANK1
      +1  BANK12  BANK13  BANK14  BANK15
  1195 ;;      Params:         0       0       0       0       0       0       0       0       0       0       0       0       
      +0       0       0       0       0
  1196 ;;      Locals:         0       0       0       0       0       0       0       0       0       0       0       0       
      +0       0       0       0       0
  1197 ;;      Temps:         22       0       0       0       0       0       0       0       0       0       0       0       
      +0       0       0       0       0
  1198 ;;      Totals:        22       0       0       0       0       0       0       0       0       0       0       0       
      +0       0       0       0       0
  1199 ;;Total ram usage:       22 bytes
  1200 ;; Hardware stack levels used:    1
  1201 ;; This function calls:
  1202 ;;		Nothing
  1203 ;; This function is called by:
  1204 ;;		Interrupt level 1
  1205 ;; This function uses a non-reentrant model
  1206 ;;
  1207                           
  1208                           	psect	intcodelo
  1209  000018                     __pintcodelo:
  1210                           	opt stack 0
  1211  000018                     _LIisr:
  1212                           	opt stack 26
  1213                           
  1214                           ;incstack = 0
  1215  000018  8022               	bsf	btemp,0,c	;set compiler interrupt flag (level 1)
  1216  00001A  CFD8 F002          	movff	status,??_LIisr+1
  1217  00001E  CFE8 F003          	movff	wreg,??_LIisr+2
  1218  000022  CFE0 F004          	movff	bsr,??_LIisr+3
  1219  000026  CFFA F005          	movff	pclath,??_LIisr+4
  1220  00002A  CFFB F006          	movff	pclatu,??_LIisr+5
  1221  00002E  CFE9 F007          	movff	fsr0l,??_LIisr+6
  1222  000032  CFEA F008          	movff	fsr0h,??_LIisr+7
  1223  000036  CFE1 F009          	movff	fsr1l,??_LIisr+8
  1224  00003A  CFE2 F00A          	movff	fsr1h,??_LIisr+9
  1225  00003E  CFD9 F00B          	movff	fsr2l,??_LIisr+10
  1226  000042  CFDA F00C          	movff	fsr2h,??_LIisr+11
  1227  000046  CFF3 F00D          	movff	prodl,??_LIisr+12
  1228  00004A  CFF4 F00E          	movff	prodh,??_LIisr+13
  1229  00004E  CFF6 F00F          	movff	tblptrl,??_LIisr+14
  1230  000052  CFF7 F010          	movff	tblptrh,??_LIisr+15
  1231  000056  CFF8 F011          	movff	tblptru,??_LIisr+16
  1232  00005A  CFF5 F012          	movff	tablat,??_LIisr+17
  1233  00005E  C022  F013         	movff	btemp,??_LIisr+18
  1234  000062  C023  F014         	movff	btemp+1,??_LIisr+19
  1235  000066  C024  F015         	movff	btemp+2,??_LIisr+20
  1236  00006A  C025  F016         	movff	btemp+3,??_LIisr+21
  1237                           
  1238                           ;main.c: 6: if (INTCONbits.TMR0IF)
  1239  00006E  A4F2               	btfss	intcon,2,c	;volatile
  1240  000070  D00F               	goto	i1l241
  1241                           
  1242                           ;main.c: 7: {
  1243                           ;main.c: 8: INTCONbits.TMR0IF=0;
  1244  000072  94F2               	bcf	intcon,2,c	;volatile
  1245                           
  1246                           ;main.c: 10: LATBbits.LATB3=!LATBbits.LATB3;
  1247  000074  B68A               	btfsc	3978,3,c	;volatile
  1248  000076  D003               	goto	i1u25_20
  1249  000078  6A01               	clrf	??_LIisr& (0+255),c
  1250  00007A  2A01               	incf	??_LIisr& (0+255),f,c
  1251  00007C  D001               	goto	i1u26_28
  1252  00007E                     i1u25_20:
  1253  00007E  6A01               	clrf	??_LIisr& (0+255),c
  1254  000080                     i1u26_28:
  1255  000080  4601               	rlncf	??_LIisr,f,c
  1256  000082  4601               	rlncf	??_LIisr,f,c
  1257  000084  4601               	rlncf	??_LIisr,f,c
  1258  000086  508A               	movf	3978,w,c	;volatile
  1259  000088  1801               	xorwf	??_LIisr,w,c
  1260  00008A  0BF7               	andlw	-9
  1261  00008C  1801               	xorwf	??_LIisr,w,c
  1262  00008E  6E8A               	movwf	3978,c	;volatile
  1263  000090                     i1l241:
  1264  000090  C016  F025         	movff	??_LIisr+21,btemp+3
  1265  000094  C015  F024         	movff	??_LIisr+20,btemp+2
  1266  000098  C014  F023         	movff	??_LIisr+19,btemp+1
  1267  00009C  C013  F022         	movff	??_LIisr+18,btemp
  1268  0000A0  C012  FFF5         	movff	??_LIisr+17,tablat
  1269  0000A4  C011  FFF8         	movff	??_LIisr+16,tblptru
  1270  0000A8  C010  FFF7         	movff	??_LIisr+15,tblptrh
  1271  0000AC  C00F  FFF6         	movff	??_LIisr+14,tblptrl
  1272  0000B0  C00E  FFF4         	movff	??_LIisr+13,prodh
  1273  0000B4  C00D  FFF3         	movff	??_LIisr+12,prodl
  1274  0000B8  C00C  FFDA         	movff	??_LIisr+11,fsr2h
  1275  0000BC  C00B  FFD9         	movff	??_LIisr+10,fsr2l
  1276  0000C0  C00A  FFE2         	movff	??_LIisr+9,fsr1h
  1277  0000C4  C009  FFE1         	movff	??_LIisr+8,fsr1l
  1278  0000C8  C008  FFEA         	movff	??_LIisr+7,fsr0h
  1279  0000CC  C007  FFE9         	movff	??_LIisr+6,fsr0l
  1280  0000D0  C006  FFFB         	movff	??_LIisr+5,pclatu
  1281  0000D4  C005  FFFA         	movff	??_LIisr+4,pclath
  1282  0000D8  C004  FFE0         	movff	??_LIisr+3,bsr
  1283  0000DC  C003  FFE8         	movff	??_LIisr+2,wreg
  1284  0000E0  C002  FFD8         	movff	??_LIisr+1,status
  1285  0000E4  9022               	bcf	btemp,0,c	;clear compiler interrupt flag (level 1)
  1286  0000E6  0010               	retfie	
  1287  0000E8                     __end_of_LIisr:
  1288                           	opt stack 0
  1289                           pclatu	equ	0xFFB
  1290                           pclath	equ	0xFFA
  1291                           tblptru	equ	0xFF8
  1292                           tblptrh	equ	0xFF7
  1293                           tblptrl	equ	0xFF6
  1294                           tablat	equ	0xFF5
  1295                           prodh	equ	0xFF4
  1296                           prodl	equ	0xFF3
  1297                           intcon	equ	0xFF2
  1298                           intcon2	equ	0xFF1
  1299                           postinc0	equ	0xFEE
  1300                           fsr0h	equ	0xFEA
  1301                           fsr0l	equ	0xFE9
  1302                           wreg	equ	0xFE8
  1303                           fsr1h	equ	0xFE2
  1304                           fsr1l	equ	0xFE1
  1305                           bsr	equ	0xFE0
  1306                           fsr2h	equ	0xFDA
  1307                           fsr2l	equ	0xFD9
  1308                           status	equ	0xFD8
  1309                           pclatu	equ	0xFFB
  1310                           pclath	equ	0xFFA
  1311                           tblptru	equ	0xFF8
  1312                           tblptrh	equ	0xFF7
  1313                           tblptrl	equ	0xFF6
  1314                           tablat	equ	0xFF5
  1315                           prodh	equ	0xFF4
  1316                           prodl	equ	0xFF3
  1317                           intcon	equ	0xFF2
  1318                           intcon2	equ	0xFF1
  1319                           postinc0	equ	0xFEE
  1320                           fsr0h	equ	0xFEA
  1321                           fsr0l	equ	0xFE9
  1322                           wreg	equ	0xFE8
  1323                           fsr1h	equ	0xFE2
  1324                           fsr1l	equ	0xFE1
  1325                           bsr	equ	0xFE0
  1326                           fsr2h	equ	0xFDA
  1327                           fsr2l	equ	0xFD9
  1328                           status	equ	0xFD8
  1329                           
  1330                           	psect	rparam
  1331  0000                     pclatu	equ	0xFFB
  1332                           pclath	equ	0xFFA
  1333                           tblptru	equ	0xFF8
  1334                           tblptrh	equ	0xFF7
  1335                           tblptrl	equ	0xFF6
  1336                           tablat	equ	0xFF5
  1337                           prodh	equ	0xFF4
  1338                           prodl	equ	0xFF3
  1339                           intcon	equ	0xFF2
  1340                           intcon2	equ	0xFF1
  1341                           postinc0	equ	0xFEE
  1342                           fsr0h	equ	0xFEA
  1343                           fsr0l	equ	0xFE9
  1344                           wreg	equ	0xFE8
  1345                           fsr1h	equ	0xFE2
  1346                           fsr1l	equ	0xFE1
  1347                           bsr	equ	0xFE0
  1348                           fsr2h	equ	0xFDA
  1349                           fsr2l	equ	0xFD9
  1350                           status	equ	0xFD8
  1351                           
  1352                           	psect	temp
  1353  000022                     btemp:
  1354                           	opt stack 0
  1355  000022                     	ds	1
  1356  0000                     int$flags	set	btemp
  1357  0000                     wtemp6	set	btemp+1
  1358                           pclatu	equ	0xFFB
  1359                           pclath	equ	0xFFA
  1360                           tblptru	equ	0xFF8
  1361                           tblptrh	equ	0xFF7
  1362                           tblptrl	equ	0xFF6
  1363                           tablat	equ	0xFF5
  1364                           prodh	equ	0xFF4
  1365                           prodl	equ	0xFF3
  1366                           intcon	equ	0xFF2
  1367                           intcon2	equ	0xFF1
  1368                           postinc0	equ	0xFEE
  1369                           fsr0h	equ	0xFEA
  1370                           fsr0l	equ	0xFE9
  1371                           wreg	equ	0xFE8
  1372                           fsr1h	equ	0xFE2
  1373                           fsr1l	equ	0xFE1
  1374                           bsr	equ	0xFE0
  1375                           fsr2h	equ	0xFDA
  1376                           fsr2l	equ	0xFD9
  1377                           status	equ	0xFD8


Data Sizes:
    Strings     186
    Constant    0
    Data        0
    BSS         8
    Persistent  0
    Stack       0

Auto Spaces:
    Space          Size  Autos    Used
    COMRAM          126     25      33
    BANK0           128      0       0
    BANK1           256      0       0
    BANK2           256      0       0
    BANK3           256      0       0
    BANK4           256      0       0
    BANK5           256      0       0
    BANK6           256      0       0
    BANK7           256      0       0
    BANK8           256      0       0
    BANK9           256      0       0
    BANK10          256      0       0
    BANK11          256      0       0
    BANK12          256      0       0
    BANK13          256      0       0
    BANK14          256      0       0
    BANK15          128      0       0

Pointer List with Targets:

    sp__utoa	PTR unsigned char  size(2) Largest target is 16
		 -> inttolcd@buff(COMRAM[16]), 

    sp__itoa	PTR unsigned char  size(2) Largest target is 16
		 -> inttolcd@buff(COMRAM[16]), 


Critical Paths under _main in COMRAM

    _init_all_units->_lcd_init
    _lcd_init->_lcd_command

Critical Paths under _LIisr in COMRAM

    None.

Critical Paths under _main in BANK0

    None.

Critical Paths under _LIisr in BANK0

    None.

Critical Paths under _main in BANK1

    None.

Critical Paths under _LIisr in BANK1

    None.

Critical Paths under _main in BANK2

    None.

Critical Paths under _LIisr in BANK2

    None.

Critical Paths under _main in BANK3

    None.

Critical Paths under _LIisr in BANK3

    None.

Critical Paths under _main in BANK4

    None.

Critical Paths under _LIisr in BANK4

    None.

Critical Paths under _main in BANK5

    None.

Critical Paths under _LIisr in BANK5

    None.

Critical Paths under _main in BANK6

    None.

Critical Paths under _LIisr in BANK6

    None.

Critical Paths under _main in BANK7

    None.

Critical Paths under _LIisr in BANK7

    None.

Critical Paths under _main in BANK8

    None.

Critical Paths under _LIisr in BANK8

    None.

Critical Paths under _main in BANK9

    None.

Critical Paths under _LIisr in BANK9

    None.

Critical Paths under _main in BANK10

    None.

Critical Paths under _LIisr in BANK10

    None.

Critical Paths under _main in BANK11

    None.

Critical Paths under _LIisr in BANK11

    None.

Critical Paths under _main in BANK12

    None.

Critical Paths under _LIisr in BANK12

    None.

Critical Paths under _main in BANK13

    None.

Critical Paths under _LIisr in BANK13

    None.

Critical Paths under _main in BANK14

    None.

Critical Paths under _LIisr in BANK14

    None.

Critical Paths under _main in BANK15

    None.

Critical Paths under _LIisr in BANK15

    None.

Call Graph Tables:

 ---------------------------------------------------------------------------------
 (Depth) Function   	        Calls       Base Space   Used Autos Params    Refs
 ---------------------------------------------------------------------------------
 (0) _main                                                 0     0      0      30
                     _init_all_units
                 _low_interrupt_init
 ---------------------------------------------------------------------------------
 (1) _low_interrupt_init                                   0     0      0       0
 ---------------------------------------------------------------------------------
 (1) _init_all_units                                       0     0      0      30
                           _Adc_init
                           _lcd_init
                         _motor_init
                         _timer_init
 ---------------------------------------------------------------------------------
 (2) _timer_init                                           0     0      0       0
 ---------------------------------------------------------------------------------
 (2) _motor_init                                           0     0      0       0
 ---------------------------------------------------------------------------------
 (2) _lcd_init                                             1     1      0      30
                                             24 COMRAM     1     1      0
                            _lcd_clk
                        _lcd_command
 ---------------------------------------------------------------------------------
 (3) _lcd_command                                          2     2      0      30
                                             22 COMRAM     2     2      0
                            _lcd_clk
 ---------------------------------------------------------------------------------
 (4) _lcd_clk                                              0     0      0       0
 ---------------------------------------------------------------------------------
 (2) _Adc_init                                             0     0      0       0
 ---------------------------------------------------------------------------------
 Estimated maximum stack depth 4
 ---------------------------------------------------------------------------------
 (Depth) Function   	        Calls       Base Space   Used Autos Params    Refs
 ---------------------------------------------------------------------------------
 (5) _LIisr                                               22    22      0       0
                                              0 COMRAM    22    22      0
 ---------------------------------------------------------------------------------
 Estimated maximum stack depth 5
 ---------------------------------------------------------------------------------

 Call Graph Graphs:

 _main (ROOT)
   _init_all_units
     _Adc_init
     _lcd_init
       _lcd_clk
       _lcd_command
         _lcd_clk
     _motor_init
     _timer_init
   _low_interrupt_init

 _LIisr (ROOT)

 Address spaces:
Name               Size   Autos  Total    Cost      Usage
BIGRAM             F7F      0       0      37        0.0%
EEDATA             400      0       0       0        0.0%
BITBANK14          100      0       0      32        0.0%
BANK14             100      0       0      33        0.0%
BITBANK13          100      0       0      30        0.0%
BANK13             100      0       0      31        0.0%
BITBANK12          100      0       0      28        0.0%
BANK12             100      0       0      29        0.0%
BITBANK11          100      0       0      26        0.0%
BANK11             100      0       0      27        0.0%
BITBANK10          100      0       0      24        0.0%
BANK10             100      0       0      25        0.0%
BITBANK9           100      0       0      22        0.0%
BANK9              100      0       0      23        0.0%
BITBANK8           100      0       0      20        0.0%
BANK8              100      0       0      21        0.0%
BITBANK7           100      0       0      18        0.0%
BANK7              100      0       0      19        0.0%
BITBANK6           100      0       0      16        0.0%
BANK6              100      0       0      17        0.0%
BITBANK5           100      0       0      14        0.0%
BANK5              100      0       0      15        0.0%
BITBANK4           100      0       0      12        0.0%
BANK4              100      0       0      13        0.0%
BITBANK3           100      0       0      10        0.0%
BANK3              100      0       0      11        0.0%
BITBANK2           100      0       0       8        0.0%
BANK2              100      0       0       9        0.0%
BITBANK1           100      0       0       6        0.0%
BANK1              100      0       0       7        0.0%
BITBANK15           80      0       0      35        0.0%
BANK15              80      0       0      36        0.0%
BITBANK0            80      0       0       4        0.0%
BANK0               80      0       0       5        0.0%
BITCOMRAM           7E      0       0       0        0.0%
COMRAM              7E     19      21       1       26.2%
BITSFR               0      0       0     200        0.0%
SFR                  0      0       0     200        0.0%
STACK                0      0       0       2        0.0%
NULL                 0      0       0       0        0.0%
ABS                  0      0      21      34        0.0%
DATA                 0      0      21       3        0.0%
CODE                 0      0       0       0        0.0%


Microchip Technology PIC18 Macro Assembler V1.45 build -152302408 
Symbol Table                                                                                   Tue Jun 11 18:07:28 2019

                         bsr 000FE0                  __CFG_BORV$3 000000                 __CFG_CP0$OFF 000000  
               __CFG_CP1$OFF 000000                 __CFG_CP2$OFF 000000                  __CFG_OSC$HS 000000  
                        l247 1298                 __CFG_CPB$OFF 000000                          u307 111C  
                        u317 1136                          _PR2 000FCB                          u327 119C  
                        u337 126A                 __CFG_CPD$OFF 000000                          u347 1274  
                        u277 10CE                          u287 10E8                          u297 1102  
                        wreg 000FE8                 __CFG_LVP$OFF 000000                 __CFG_WDT$OFF 000000  
                       STR_1 1077                         STR_2 1001                         STR_3 1011  
                       STR_4 1048                         STR_5 106C                         STR_6 10B3  
                       _LATD 000F8C                         _main 128E                         fsr0h 000FEA  
                       fsr1h 000FE2                         fsr2h 000FDA                         fsr0l 000FE9  
                       fsr1l 000FE1                         fsr2l 000FD9                         btemp 0022  
              __CFG_BOREN$ON 000000                         prodh 000FF4                         prodl 000FF3  
                       start 00E8                __CFG_IESO$OFF 000000                __CFG_MCLRE$ON 000000  
               ___param_bank 000000   __end_of_low_interrupt_init 124C                        ?_main 0001  
                      STR_11 1081                        STR_21 1095                        STR_13 102E  
                      STR_22 109E                        STR_30 1054                        STR_23 10B9  
                      STR_15 1021                        STR_24 10A5                        STR_17 1060  
                      STR_26 10AC                        STR_27 108B                        STR_19 103B  
                      i1l241 0090                        _TMR0H 000FD7                        _TMR0L 000FD6  
                      _TRISA 000F92                        _TRISD 000F95                        _TRISE 000F96  
                      _LIisr 0018                __CFG_PWRT$OFF 000000                __CFG_WRT0$OFF 000000  
              __CFG_WRT1$OFF 000000                __CFG_WRT2$OFF 000000               __CFG_EBTR0$OFF 000000  
             __CFG_FCMEN$OFF 000000               __CFG_EBTR1$OFF 000000               __CFG_EBTR2$OFF 000000  
            __end_of_lcd_clk 127C                __CFG_WRTB$OFF 000000                __CFG_WRTC$OFF 000000  
              __CFG_WRTD$OFF 000000               __CFG_EBTRB$OFF 000000             __end_of_Adc_init 1202  
                      pclath 000FFA                        tablat 000FF5                        status 000FD8  
                      wtemp6 0023              __initialization 124C                 __end_of_main 129A  
                     ??_main 001A                __activetblptr 000002                       ?_LIisr 0001  
                     _ADRESH 000FC4                       _ADRESL 000FC3                       _CCPR1L 000FBE  
                     _CCPR2L 000FBB               __CFG_XINST$OFF 000000             __end_of_lcd_init 1164  
       __size_of_lcd_command 0042               __CFG_STVREN$ON 000000                       clear_0 1252  
                  ??_lcd_clk 0017                 __mediumconst 0000                       tblptrh 000FF7  
                     tblptrl 000FF6                       tblptru 000FF8                   __accesstop 0080  
    __end_of__initialization 1258              __CFG_PBADEN$OFF 000000                ___rparam_used 000001  
              __end_of_LIisr 00E8               __pcstackCOMRAM 0001                    ?_Adc_init 0001  
                    ??_LIisr 0001                   ??_Adc_init 0017           _low_interrupt_init 1228  
                    i1u25_20 007E                      i1u26_28 0080                    ?_lcd_init 0001  
        ?_low_interrupt_init 0001                   _make_noise 0020      __size_of_init_all_units 0012  
                    __Hparam 0000                      __Lparam 0000         ??_low_interrupt_init 0017  
               __psmallconst 1000                      __pcinit 124C                      __ramtop 1000  
                    __ptext0 128E                      __ptext1 1228                      __ptext2 127C  
                    __ptext3 1202                      __ptext4 11A6                      __ptext5 10BC  
                    __ptext6 1164                      __ptext7 1266                      __ptext8 11DA  
                    _lcd_clk 1266                    _T0CONbits 000FD5                    _T2CONbits 000FCA  
                 ??_lcd_init 0019         end_of_initialization 1258                __Lmediumconst 0000  
                    postinc0 000FEE                   _motor_init 11A6                   _timer_init 1202  
                  _PORTAbits 000F80                    _PORTBbits 000F81                    _PORTCbits 000F82  
                  _PORTDbits 000F83                    _TRISAbits 000F92                    _TRISBbits 000F93  
                  _TRISCbits 000F94                    _TRISDbits 000F95                  _CCP1CONbits 000FBD  
                _CCP2CONbits 000FBA                ??_lcd_command 0017            __size_of_Adc_init 0028  
        start_initialization 124C               _init_all_units 127C           lcd_command@outbyte 0018  
        __end_of_lcd_command 11A6                  ?_motor_init 0001             __CFG_LPT1OSC$OFF 000000  
                ?_timer_init 0001                  __pbssCOMRAM 001A       __end_of_init_all_units 128E  
          __size_of_lcd_init 00A8            __CFG_CCP2MX$PORTC 000000                  __pintcodelo 0018  
                   ?_lcd_clk 0001                  __smallconst 1000               __size_of_LIisr 00D0  
            ?_init_all_units 0001          __size_of_motor_init 0034                     _LATBbits 000F8A  
                   _LATCbits 000F8B          __size_of_timer_init 0026                  _lcd_command 1164  
                   _RCONbits 000FD0             __CFG_WDTPS$32768 000000  __size_of_low_interrupt_init 0024  
                   _Adc_init 11DA                   _ADCON0bits 000FC2                   _ADCON1bits 000FC1  
                 _ADCON2bits 000FC0                  _INTCON2bits 000FF1                     __Hrparam 0000  
                   __Lrparam 0000             __size_of_lcd_clk 0016                     _lcd_init 10BC  
              __size_of_main 000C                     _sensor_1 001E                     _sensor_2 001C  
                   _sensor_3 001A                     int$flags 0022                 ??_motor_init 0017  
               ??_timer_init 0017                   _INTCONbits 000FF2                     intlevel1 0000  
         __end_of_motor_init 11DA           __end_of_timer_init 1228             ??_init_all_units 001A  
               ?_lcd_command 0001  
